19:13:22.804 [main] INFO  com.selenium.seleniumTestNG.restAssured.frameworkDevelopment.api.test.UserTests - ***** Creating User ******
19:13:24.421 [main] INFO  com.selenium.seleniumTestNG.restAssured.frameworkDevelopment.api.test.UserTests - ***** User is Creating ******
19:13:24.421 [main] INFO  com.selenium.seleniumTestNG.restAssured.frameworkDevelopment.api.test.UserTests - ***** Reading user info ******
19:13:25.010 [main] INFO  com.selenium.seleniumTestNG.restAssured.frameworkDevelopment.api.test.UserTests - ***** User info is Displayed ******
19:13:25.010 [main] INFO  com.selenium.seleniumTestNG.restAssured.frameworkDevelopment.api.test.UserTests - ***** Updating user ******
19:13:25.569 [main] INFO  com.selenium.seleniumTestNG.restAssured.frameworkDevelopment.api.test.UserTests - ***** User is Updated ******
19:13:26.146 [main] INFO  com.selenium.seleniumTestNG.restAssured.frameworkDevelopment.api.test.UserTests - ***** Deleting the User ******
19:13:26.700 [main] INFO  com.selenium.seleniumTestNG.restAssured.frameworkDevelopment.api.test.UserTests - ***** User is Deleting ******
19:16:54.398 [main] INFO  com.selenium.seleniumTestNG.restAssured.frameworkDevelopment.api.test.UserTests - ***** Creating User ******
19:16:56.091 [main] INFO  com.selenium.seleniumTestNG.restAssured.frameworkDevelopment.api.test.UserTests - ***** User is Creating ******
19:16:56.098 [main] INFO  com.selenium.seleniumTestNG.restAssured.frameworkDevelopment.api.test.UserTests - ***** Reading user info ******
19:16:56.685 [main] INFO  com.selenium.seleniumTestNG.restAssured.frameworkDevelopment.api.test.UserTests - ***** User info is Displayed ******
19:16:56.688 [main] INFO  com.selenium.seleniumTestNG.restAssured.frameworkDevelopment.api.test.UserTests - ***** Updating user ******
19:16:57.249 [main] INFO  com.selenium.seleniumTestNG.restAssured.frameworkDevelopment.api.test.UserTests - ***** User is Updated ******
19:16:57.825 [main] INFO  com.selenium.seleniumTestNG.restAssured.frameworkDevelopment.api.test.UserTests - ***** Deleting the User ******
19:16:58.383 [main] INFO  com.selenium.seleniumTestNG.restAssured.frameworkDevelopment.api.test.UserTests - ***** User is Deleting ******
19:17:21.284 [main] DEBUG com.selenium.seleniumTestNG.restAssured.frameworkDevelopment.api.test.UserTests - DEBUGGING
19:17:21.293 [main] INFO  com.selenium.seleniumTestNG.restAssured.frameworkDevelopment.api.test.UserTests - ***** Creating User ******
19:17:22.919 [main] INFO  com.selenium.seleniumTestNG.restAssured.frameworkDevelopment.api.test.UserTests - ***** User is Creating ******
19:17:22.928 [main] INFO  com.selenium.seleniumTestNG.restAssured.frameworkDevelopment.api.test.UserTests - ***** Reading user info ******
19:17:23.498 [main] INFO  com.selenium.seleniumTestNG.restAssured.frameworkDevelopment.api.test.UserTests - ***** User info is Displayed ******
19:17:23.498 [main] INFO  com.selenium.seleniumTestNG.restAssured.frameworkDevelopment.api.test.UserTests - ***** Updating user ******
19:17:24.061 [main] INFO  com.selenium.seleniumTestNG.restAssured.frameworkDevelopment.api.test.UserTests - ***** User is Updated ******
19:17:24.621 [main] INFO  com.selenium.seleniumTestNG.restAssured.frameworkDevelopment.api.test.UserTests - ***** Deleting the User ******
19:17:25.178 [main] INFO  com.selenium.seleniumTestNG.restAssured.frameworkDevelopment.api.test.UserTests - ***** User is Deleting ******
21:17:01.790 [main] DEBUG com.selenium.seleniumTestNG.restAssured.frameworkDevelopment.api.test.UserTests - DEBUGGING
21:17:01.801 [main] INFO  com.selenium.seleniumTestNG.restAssured.frameworkDevelopment.api.test.UserTests - ***** Creating User ******
21:17:03.521 [main] INFO  com.selenium.seleniumTestNG.restAssured.frameworkDevelopment.api.test.UserTests - ***** User is Creating ******
21:17:03.528 [main] INFO  com.selenium.seleniumTestNG.restAssured.frameworkDevelopment.api.test.UserTests - ***** Reading user info ******
21:17:04.101 [main] INFO  com.selenium.seleniumTestNG.restAssured.frameworkDevelopment.api.test.UserTests - ***** User info is Displayed ******
21:17:04.111 [main] INFO  com.selenium.seleniumTestNG.restAssured.frameworkDevelopment.api.test.UserTests - ***** Updating user ******
21:17:04.672 [main] INFO  com.selenium.seleniumTestNG.restAssured.frameworkDevelopment.api.test.UserTests - ***** User is Updated ******
21:17:05.244 [main] INFO  com.selenium.seleniumTestNG.restAssured.frameworkDevelopment.api.test.UserTests - ***** Deleting the User ******
21:17:05.801 [main] INFO  com.selenium.seleniumTestNG.restAssured.frameworkDevelopment.api.test.UserTests - ***** User is Deleting ******
21:17:05.801 [main] INFO  com.selenium.seleniumTestNG.restAssured.frameworkDevelopment.api.test.UserTests - ***** Creating User ******
21:17:06.376 [main] INFO  com.selenium.seleniumTestNG.restAssured.frameworkDevelopment.api.test.UserTests - ***** User is Creating ******
21:17:06.380 [main] INFO  com.selenium.seleniumTestNG.restAssured.frameworkDevelopment.api.test.UserTests - ***** Reading user info ******
21:17:06.936 [main] INFO  com.selenium.seleniumTestNG.restAssured.frameworkDevelopment.api.test.UserTests - ***** User info is Displayed ******
21:17:06.939 [main] INFO  com.selenium.seleniumTestNG.restAssured.frameworkDevelopment.api.test.UserTests - ***** Updating user ******
21:17:07.498 [main] INFO  com.selenium.seleniumTestNG.restAssured.frameworkDevelopment.api.test.UserTests - ***** User is Updated ******
21:17:08.063 [main] INFO  com.selenium.seleniumTestNG.restAssured.frameworkDevelopment.api.test.UserTests - ***** Deleting the User ******
21:17:08.617 [main] INFO  com.selenium.seleniumTestNG.restAssured.frameworkDevelopment.api.test.UserTests - ***** User is Deleting ******
22:46:35.737 [main] DEBUG com.selenium.seleniumTestNG.restAssured.frameworkDevelopment.api.test.UserTests - DEBUGGING
22:46:35.747 [main] INFO  com.selenium.seleniumTestNG.restAssured.frameworkDevelopment.api.test.UserTests - ***** Creating User ******
22:46:37.386 [main] INFO  com.selenium.seleniumTestNG.restAssured.frameworkDevelopment.api.test.UserTests - ***** User is Creating ******
22:46:37.393 [main] INFO  com.selenium.seleniumTestNG.restAssured.frameworkDevelopment.api.test.UserTests - ***** Reading user info ******
22:46:37.963 [main] INFO  com.selenium.seleniumTestNG.restAssured.frameworkDevelopment.api.test.UserTests - ***** User info is Displayed ******
22:46:37.965 [main] INFO  com.selenium.seleniumTestNG.restAssured.frameworkDevelopment.api.test.UserTests - ***** Updating user ******
22:46:38.521 [main] INFO  com.selenium.seleniumTestNG.restAssured.frameworkDevelopment.api.test.UserTests - ***** User is Updated ******
22:46:39.068 [main] INFO  com.selenium.seleniumTestNG.restAssured.frameworkDevelopment.api.test.UserTests - ***** Deleting the User ******
22:46:39.637 [main] INFO  com.selenium.seleniumTestNG.restAssured.frameworkDevelopment.api.test.UserTests - ***** User is Deleting ******
22:46:39.638 [main] INFO  com.selenium.seleniumTestNG.restAssured.frameworkDevelopment.api.test.UserTests - ***** Creating User ******
22:46:40.213 [main] INFO  com.selenium.seleniumTestNG.restAssured.frameworkDevelopment.api.test.UserTests - ***** User is Creating ******
22:46:40.215 [main] INFO  com.selenium.seleniumTestNG.restAssured.frameworkDevelopment.api.test.UserTests - ***** Reading user info ******
22:46:40.769 [main] INFO  com.selenium.seleniumTestNG.restAssured.frameworkDevelopment.api.test.UserTests - ***** User info is Displayed ******
22:46:40.770 [main] INFO  com.selenium.seleniumTestNG.restAssured.frameworkDevelopment.api.test.UserTests - ***** Updating user ******
22:46:41.327 [main] INFO  com.selenium.seleniumTestNG.restAssured.frameworkDevelopment.api.test.UserTests - ***** User is Updated ******
22:46:41.896 [main] INFO  com.selenium.seleniumTestNG.restAssured.frameworkDevelopment.api.test.UserTests - ***** Deleting the User ******
22:46:42.464 [main] INFO  com.selenium.seleniumTestNG.restAssured.frameworkDevelopment.api.test.UserTests - ***** User is Deleting ******
15:45:19.866 [main] DEBUG com.selenium.seleniumTestNG.restAssured.frameworkDevelopment.api.test.UserTests - DEBUGGING
15:45:19.876 [main] INFO  com.selenium.seleniumTestNG.restAssured.frameworkDevelopment.api.test.UserTests - ***** Creating User ******
15:45:21.704 [main] INFO  com.selenium.seleniumTestNG.restAssured.frameworkDevelopment.api.test.UserTests - ***** User is Creating ******
15:45:21.712 [main] INFO  com.selenium.seleniumTestNG.restAssured.frameworkDevelopment.api.test.UserTests - ***** Reading user info ******
15:45:22.314 [main] INFO  com.selenium.seleniumTestNG.restAssured.frameworkDevelopment.api.test.UserTests - ***** User info is Displayed ******
15:45:22.316 [main] INFO  com.selenium.seleniumTestNG.restAssured.frameworkDevelopment.api.test.UserTests - ***** Updating user ******
15:45:22.899 [main] INFO  com.selenium.seleniumTestNG.restAssured.frameworkDevelopment.api.test.UserTests - ***** User is Updated ******
15:45:23.476 [main] INFO  com.selenium.seleniumTestNG.restAssured.frameworkDevelopment.api.test.UserTests - ***** Deleting the User ******
15:45:24.059 [main] INFO  com.selenium.seleniumTestNG.restAssured.frameworkDevelopment.api.test.UserTests - ***** User is Deleting ******
15:45:24.060 [main] INFO  com.selenium.seleniumTestNG.restAssured.frameworkDevelopment.api.test.UserTests - ***** Creating User ******
15:45:24.675 [main] INFO  com.selenium.seleniumTestNG.restAssured.frameworkDevelopment.api.test.UserTests - ***** User is Creating ******
15:45:24.677 [main] INFO  com.selenium.seleniumTestNG.restAssured.frameworkDevelopment.api.test.UserTests - ***** Reading user info ******
15:45:25.257 [main] INFO  com.selenium.seleniumTestNG.restAssured.frameworkDevelopment.api.test.UserTests - ***** User info is Displayed ******
15:45:25.259 [main] INFO  com.selenium.seleniumTestNG.restAssured.frameworkDevelopment.api.test.UserTests - ***** Updating user ******
15:45:25.838 [main] INFO  com.selenium.seleniumTestNG.restAssured.frameworkDevelopment.api.test.UserTests - ***** User is Updated ******
15:45:26.416 [main] INFO  com.selenium.seleniumTestNG.restAssured.frameworkDevelopment.api.test.UserTests - ***** Deleting the User ******
15:45:26.988 [main] INFO  com.selenium.seleniumTestNG.restAssured.frameworkDevelopment.api.test.UserTests - ***** User is Deleting ******
